<?xml version="1.0" encoding="UTF-8"?>
<testsuite name="steps.TestGoogleSearch" tests="1" skipped="0" failures="0" errors="0" timestamp="2021-05-23T22:41:58" hostname="DESKTOP-EN7I33H" time="10.288">
  <properties/>
  <testcase name="searchForOvoDePascoa" classname="steps.TestGoogleSearch" time="10.288"/>
  <system-out><![CDATA[]]></system-out>
  <system-err><![CDATA[Starting ChromeDriver 90.0.4430.24 (4c6d850f087da467d926e8eddb76550aed655991-refs/branch-heads/4430@{#429}) on port 33522
Only local connections are allowed.
Please see https://chromedriver.chromium.org/security-considerations for suggestions on keeping ChromeDriver safe.
ChromeDriver was started successfully.
May 23, 2021 6:42:00 PM org.openqa.selenium.remote.ProtocolHandshake createSession
INFO: Detected dialect: W3C
]]></system-err>
</testsuite>
